<?xml version="1.0" encoding="UTF-8" standalone="yes"?><!DOCTYPE report PUBLIC "-//JACOCO//DTD Report 1.1//EN" "report.dtd"><report name=".com.hillel.HW_12"><sessioninfo id="aaaa-4b00e423" start="1576780179827" dump="1576780180375"/><sessioninfo id="aaaa-40023982" start="1576780251735" dump="1576780252287"/><sessioninfo id="aaaa-4b00b8f2" start="1576780299341" dump="1576780299850"/><sessioninfo id="aaaa-28301031" start="1576780328969" dump="1576780329447"/><sessioninfo id="aaaa-add235d" start="1576780338252" dump="1576780338742"/><sessioninfo id="aaaa-5a8d16d3" start="1576780542823" dump="1576780543355"/><sessioninfo id="aaaa-14c70f7e" start="1576780612530" dump="1576780613042"/><sessioninfo id="aaaa-5ee8b9ce" start="1576780780103" dump="1576780780589"/><sessioninfo id="aaaa-7af9c3b8" start="1576781046787" dump="1576781047277"/><sessioninfo id="aaaa-20270fb3" start="1576781158063" dump="1576781158550"/><sessioninfo id="aaaa-5d3b2d30" start="1576781195543" dump="1576781196044"/><sessioninfo id="aaaa-1bd053de" start="1576781220858" dump="1576781221368"/><sessioninfo id="aaaa-b325470a" start="1576781377849" dump="1576781378355"/><sessioninfo id="aaaa-ea028069" start="1576781427529" dump="1576781428044"/><sessioninfo id="aaaa-f7207a09" start="1577017576716" dump="1577017577291"/><sessioninfo id="aaaa-f33d71e2" start="1577017777636" dump="1577017778123"/><sessioninfo id="aaaa-5b5f37cb" start="1577018277299" dump="1577018277817"/><sessioninfo id="aaaa-f1ea7ca6" start="1577018333680" dump="1577018334186"/><sessioninfo id="aaaa-752bb5f5" start="1577018587305" dump="1577018587824"/><sessioninfo id="aaaa-cec93565" start="1577018612043" dump="1577018612536"/><sessioninfo id="aaaa-27431d1f" start="1577018673838" dump="1577018674325"/><sessioninfo id="aaaa-c771adb7" start="1577019010469" dump="1577019010980"/><sessioninfo id="aaaa-3f364b4f" start="1577019429260" dump="1577019429764"/><sessioninfo id="aaaa-c2f68b7" start="1577019495068" dump="1577019495601"/><sessioninfo id="aaaa-7b6d4941" start="1577019655721" dump="1577019656230"/><sessioninfo id="aaaa-fa9ef49c" start="1577020610480" dump="1577020610997"/><sessioninfo id="aaaa-f17125ce" start="1577020665765" dump="1577020666246"/><sessioninfo id="aaaa-36bb208e" start="1577022672643" dump="1577022673175"/><sessioninfo id="aaaa-3f7b0f55" start="1577022777783" dump="1577022778309"/><sessioninfo id="aaaa-ca27808d" start="1577022823061" dump="1577022823561"/><sessioninfo id="aaaa-8ce3f1c9" start="1577022844064" dump="1577022844557"/><sessioninfo id="aaaa-cc183e26" start="1577022914407" dump="1577022914895"/><sessioninfo id="aaaa-29e0a421" start="1577023225770" dump="1577023226247"/><sessioninfo id="aaaa-f8410c9b" start="1577023629058" dump="1577023629546"/><sessioninfo id="aaaa-a819aa43" start="1577024042264" dump="1577024042758"/><sessioninfo id="aaaa-16033ef6" start="1577024381478" dump="1577024381985"/><sessioninfo id="aaaa-9def3a7" start="1577024752785" dump="1577024753274"/><sessioninfo id="aaaa-42bed46d" start="1577024844301" dump="1577024844791"/><sessioninfo id="aaaa-5d05ac17" start="1577025152953" dump="1577025153461"/><sessioninfo id="aaaa-78d624d7" start="1577025269226" dump="1577025269721"/><sessioninfo id="aaaa-f5f0039c" start="1577025332090" dump="1577025332587"/><package name=""><class name="Collection" sourcefilename="Collection.java"><method name="&lt;init&gt;" desc="()V" line="5"><counter type="INSTRUCTION" missed="0" covered="14"/><counter type="LINE" missed="0" covered="5"/><counter type="COMPLEXITY" missed="0" covered="1"/><counter type="METHOD" missed="0" covered="1"/></method><method name="&lt;init&gt;" desc="(I)V" line="5"><counter type="INSTRUCTION" missed="0" covered="22"/><counter type="BRANCH" missed="0" covered="2"/><counter type="LINE" missed="0" covered="8"/><counter type="COMPLEXITY" missed="0" covered="2"/><counter type="METHOD" missed="0" covered="1"/></method><method name="size" desc="()I" line="24"><counter type="INSTRUCTION" missed="0" covered="15"/><counter type="BRANCH" missed="1" covered="3"/><counter type="LINE" missed="0" covered="4"/><counter type="COMPLEXITY" missed="1" covered="2"/><counter type="METHOD" missed="0" covered="1"/></method><method name="add" desc="(Ljava/lang/String;)Z" line="37"><counter type="INSTRUCTION" missed="0" covered="49"/><counter type="BRANCH" missed="0" covered="4"/><counter type="LINE" missed="0" covered="9"/><counter type="COMPLEXITY" missed="0" covered="3"/><counter type="METHOD" missed="0" covered="1"/></method><method name="addByOne" desc="(Ljava/lang/String;)Z" line="53"><counter type="INSTRUCTION" missed="0" covered="49"/><counter type="BRANCH" missed="1" covered="3"/><counter type="LINE" missed="0" covered="9"/><counter type="COMPLEXITY" missed="1" covered="2"/><counter type="METHOD" missed="0" covered="1"/></method><method name="delete" desc="(I)Z" line="74"><counter type="INSTRUCTION" missed="0" covered="42"/><counter type="BRANCH" missed="0" covered="4"/><counter type="LINE" missed="0" covered="7"/><counter type="COMPLEXITY" missed="0" covered="3"/><counter type="METHOD" missed="0" covered="1"/></method><method name="delete" desc="(Ljava/lang/String;)Z" line="87"><counter type="INSTRUCTION" missed="0" covered="41"/><counter type="BRANCH" missed="0" covered="6"/><counter type="LINE" missed="0" covered="8"/><counter type="COMPLEXITY" missed="0" covered="4"/><counter type="METHOD" missed="0" covered="1"/></method><method name="get" desc="(I)Ljava/lang/String;" line="105"><counter type="INSTRUCTION" missed="0" covered="11"/><counter type="BRANCH" missed="0" covered="2"/><counter type="LINE" missed="0" covered="3"/><counter type="COMPLEXITY" missed="0" covered="2"/><counter type="METHOD" missed="0" covered="1"/></method><method name="contains" desc="(Ljava/lang/String;)Z" line="116"><counter type="INSTRUCTION" missed="0" covered="19"/><counter type="BRANCH" missed="0" covered="4"/><counter type="LINE" missed="0" covered="4"/><counter type="COMPLEXITY" missed="0" covered="3"/><counter type="METHOD" missed="0" covered="1"/></method><method name="display" desc="()V" line="128"><counter type="INSTRUCTION" missed="0" covered="22"/><counter type="BRANCH" missed="0" covered="2"/><counter type="LINE" missed="0" covered="3"/><counter type="COMPLEXITY" missed="0" covered="2"/><counter type="METHOD" missed="0" covered="1"/></method><method name="compare" desc="(LCollection;)Z" line="137"><counter type="INSTRUCTION" missed="0" covered="32"/><counter type="BRANCH" missed="0" covered="8"/><counter type="LINE" missed="0" covered="6"/><counter type="COMPLEXITY" missed="0" covered="5"/><counter type="METHOD" missed="0" covered="1"/></method><method name="clear" desc="()Z" line="156"><counter type="INSTRUCTION" missed="0" covered="18"/><counter type="BRANCH" missed="0" covered="2"/><counter type="LINE" missed="0" covered="4"/><counter type="COMPLEXITY" missed="0" covered="2"/><counter type="METHOD" missed="0" covered="1"/></method><method name="indexOf" desc="(Ljava/lang/String;)I" line="165"><counter type="INSTRUCTION" missed="0" covered="22"/><counter type="BRANCH" missed="0" covered="4"/><counter type="LINE" missed="0" covered="5"/><counter type="COMPLEXITY" missed="0" covered="3"/><counter type="METHOD" missed="0" covered="1"/></method><method name="addAll" desc="([Ljava/lang/String;)Z" line="177"><counter type="INSTRUCTION" missed="0" covered="16"/><counter type="BRANCH" missed="0" covered="2"/><counter type="LINE" missed="0" covered="3"/><counter type="COMPLEXITY" missed="0" covered="2"/><counter type="METHOD" missed="0" covered="1"/></method><method name="addAll" desc="(LCollection;)Z" line="186"><counter type="INSTRUCTION" missed="0" covered="16"/><counter type="BRANCH" missed="0" covered="2"/><counter type="LINE" missed="0" covered="3"/><counter type="COMPLEXITY" missed="0" covered="2"/><counter type="METHOD" missed="0" covered="1"/></method><method name="trim" desc="()Z" line="195"><counter type="INSTRUCTION" missed="0" covered="2"/><counter type="LINE" missed="0" covered="1"/><counter type="COMPLEXITY" missed="0" covered="1"/><counter type="METHOD" missed="0" covered="1"/></method><counter type="INSTRUCTION" missed="0" covered="390"/><counter type="BRANCH" missed="2" covered="48"/><counter type="LINE" missed="0" covered="81"/><counter type="COMPLEXITY" missed="2" covered="39"/><counter type="METHOD" missed="0" covered="16"/><counter type="CLASS" missed="0" covered="1"/></class><class name="CustomCollection" sourcefilename="CustomCollection.java"/><sourcefile name="CustomCollection.java"/><sourcefile name="Collection.java"><line nr="5" mi="0" ci="6" mb="0" cb="0"/><line nr="7" mi="0" ci="2" mb="0" cb="0"/><line nr="8" mi="0" ci="3" mb="0" cb="0"/><line nr="9" mi="0" ci="5" mb="0" cb="0"/><line nr="10" mi="0" ci="1" mb="0" cb="0"/><line nr="12" mi="0" ci="2" mb="0" cb="0"/><line nr="13" mi="0" ci="2" mb="0" cb="2"/><line nr="14" mi="0" ci="3" mb="0" cb="0"/><line nr="15" mi="0" ci="4" mb="0" cb="0"/><line nr="18" mi="0" ci="3" mb="0" cb="0"/><line nr="20" mi="0" ci="4" mb="0" cb="0"/><line nr="21" mi="0" ci="1" mb="0" cb="0"/><line nr="24" mi="0" ci="2" mb="0" cb="0"/><line nr="25" mi="0" ci="6" mb="1" cb="1"/><line nr="26" mi="0" ci="5" mb="0" cb="2"/><line nr="32" mi="0" ci="2" mb="0" cb="0"/><line nr="37" mi="0" ci="7" mb="0" cb="2"/><line nr="38" mi="0" ci="6" mb="0" cb="0"/><line nr="39" mi="0" ci="4" mb="0" cb="0"/><line nr="40" mi="0" ci="8" mb="0" cb="2"/><line nr="41" mi="0" ci="7" mb="0" cb="0"/><line nr="44" mi="0" ci="3" mb="0" cb="0"/><line nr="47" mi="0" ci="6" mb="0" cb="0"/><line nr="48" mi="0" ci="6" mb="0" cb="0"/><line nr="49" mi="0" ci="2" mb="0" cb="0"/><line nr="53" mi="0" ci="7" mb="1" cb="1"/><line nr="54" mi="0" ci="6" mb="0" cb="0"/><line nr="55" mi="0" ci="4" mb="0" cb="0"/><line nr="56" mi="0" ci="8" mb="0" cb="2"/><line nr="57" mi="0" ci="7" mb="0" cb="0"/><line nr="61" mi="0" ci="3" mb="0" cb="0"/><line nr="64" mi="0" ci="6" mb="0" cb="0"/><line nr="65" mi="0" ci="6" mb="0" cb="0"/><line nr="66" mi="0" ci="2" mb="0" cb="0"/><line nr="74" mi="0" ci="4" mb="0" cb="2"/><line nr="75" mi="0" ci="2" mb="0" cb="0"/><line nr="77" mi="0" ci="10" mb="0" cb="2"/><line nr="78" mi="0" ci="10" mb="0" cb="0"/><line nr="80" mi="0" ci="8" mb="0" cb="0"/><line nr="81" mi="0" ci="6" mb="0" cb="0"/><line nr="82" mi="0" ci="2" mb="0" cb="0"/><line nr="87" mi="0" ci="4" mb="0" cb="2"/><line nr="88" mi="0" ci="2" mb="0" cb="0"/><line nr="91" mi="0" ci="8" mb="0" cb="2"/><line nr="92" mi="0" ci="7" mb="0" cb="2"/><line nr="93" mi="0" ci="4" mb="0" cb="0"/><line nr="95" mi="0" ci="8" mb="0" cb="0"/><line nr="96" mi="0" ci="6" mb="0" cb="0"/><line nr="98" mi="0" ci="2" mb="0" cb="0"/><line nr="105" mi="0" ci="4" mb="0" cb="2"/><line nr="106" mi="0" ci="2" mb="0" cb="0"/><line nr="110" mi="0" ci="5" mb="0" cb="0"/><line nr="116" mi="0" ci="8" mb="0" cb="2"/><line nr="117" mi="0" ci="7" mb="0" cb="2"/><line nr="118" mi="0" ci="2" mb="0" cb="0"/><line nr="122" mi="0" ci="2" mb="0" cb="0"/><line nr="128" mi="0" ci="8" mb="0" cb="2"/><line nr="129" mi="0" ci="13" mb="0" cb="0"/><line nr="134" mi="0" ci="1" mb="0" cb="0"/><line nr="137" mi="0" ci="5" mb="0" cb="2"/><line nr="139" mi="0" ci="7" mb="0" cb="2"/><line nr="143" mi="0" ci="8" mb="0" cb="2"/><line nr="144" mi="0" ci="8" mb="0" cb="2"/><line nr="145" mi="0" ci="2" mb="0" cb="0"/><line nr="148" mi="0" ci="2" mb="0" cb="0"/><line nr="156" mi="0" ci="8" mb="0" cb="2"/><line nr="157" mi="0" ci="5" mb="0" cb="0"/><line nr="160" mi="0" ci="3" mb="0" cb="0"/><line nr="161" mi="0" ci="2" mb="0" cb="0"/><line nr="165" mi="0" ci="8" mb="0" cb="2"/><line nr="166" mi="0" ci="7" mb="0" cb="2"/><line nr="167" mi="0" ci="2" mb="0" cb="0"/><line nr="170" mi="0" ci="3" mb="0" cb="0"/><line nr="171" mi="0" ci="2" mb="0" cb="0"/><line nr="177" mi="0" ci="8" mb="0" cb="2"/><line nr="178" mi="0" ci="6" mb="0" cb="0"/><line nr="180" mi="0" ci="2" mb="0" cb="0"/><line nr="186" mi="0" ci="8" mb="0" cb="2"/><line nr="187" mi="0" ci="6" mb="0" cb="0"/><line nr="189" mi="0" ci="2" mb="0" cb="0"/><line nr="195" mi="0" ci="2" mb="0" cb="0"/><counter type="INSTRUCTION" missed="0" covered="390"/><counter type="BRANCH" missed="2" covered="48"/><counter type="LINE" missed="0" covered="81"/><counter type="COMPLEXITY" missed="2" covered="39"/><counter type="METHOD" missed="0" covered="16"/><counter type="CLASS" missed="0" covered="1"/></sourcefile><counter type="INSTRUCTION" missed="0" covered="390"/><counter type="BRANCH" missed="2" covered="48"/><counter type="LINE" missed="0" covered="81"/><counter type="COMPLEXITY" missed="2" covered="39"/><counter type="METHOD" missed="0" covered="16"/><counter type="CLASS" missed="0" covered="1"/></package><counter type="INSTRUCTION" missed="0" covered="390"/><counter type="BRANCH" missed="2" covered="48"/><counter type="LINE" missed="0" covered="81"/><counter type="COMPLEXITY" missed="2" covered="39"/><counter type="METHOD" missed="0" covered="16"/><counter type="CLASS" missed="0" covered="1"/></report>